C:\Program Files (x86)\MSBuild\Microsoft.Cpp\v4.0\V140\Microsoft.CppBuild.targets(392,5): warning MSB8028: The intermediate directory (Release\) contains files shared from another project (libprotobuf-lite.vcxproj, libprotobuf.vcxproj, libprotoc.vcxproj, protoc.vcxproj, test_plugin.vcxproj).  This can lead to incorrect clean and rebuild behavior.
  command_line_interface_unittest.cc
..\src\google\protobuf\compiler\command_line_interface_unittest.cc : fatal error C1041: cannot open program database 'H:\Pro\protobuf-2.6.1\vsprojects\Release\vc140.pdb'; if multiple CL.EXE write to the same .PDB file, please use /FS
  cpp_bootstrap_unittest.cc
..\src\google\protobuf\compiler\cpp\cpp_bootstrap_unittest.cc : fatal error C1041: cannot open program database 'H:\Pro\protobuf-2.6.1\vsprojects\Release\vc140.pdb'; if multiple CL.EXE write to the same .PDB file, please use /FS
  cpp_plugin_unittest.cc
..\src\google\protobuf\compiler\cpp\cpp_plugin_unittest.cc : fatal error C1041: cannot open program database 'H:\Pro\protobuf-2.6.1\vsprojects\Release\vc140.pdb'; if multiple CL.EXE write to the same .PDB file, please use /FS
  cpp_unittest.cc
..\src\google\protobuf\compiler\cpp\cpp_unittest.cc : fatal error C1041: cannot open program database 'H:\Pro\protobuf-2.6.1\vsprojects\Release\vc140.pdb'; if multiple CL.EXE write to the same .PDB file, please use /FS
  importer_unittest.cc
..\src\google\protobuf\compiler\importer_unittest.cc : fatal error C1041: cannot open program database 'H:\Pro\protobuf-2.6.1\vsprojects\Release\vc140.pdb'; if multiple CL.EXE write to the same .PDB file, please use /FS
  java_doc_comment_unittest.cc
..\src\google\protobuf\compiler\java\java_doc_comment_unittest.cc : fatal error C1041: cannot open program database 'H:\Pro\protobuf-2.6.1\vsprojects\Release\vc140.pdb'; if multiple CL.EXE write to the same .PDB file, please use /FS
  java_plugin_unittest.cc
..\src\google\protobuf\compiler\java\java_plugin_unittest.cc : fatal error C1041: cannot open program database 'H:\Pro\protobuf-2.6.1\vsprojects\Release\vc140.pdb'; if multiple CL.EXE write to the same .PDB file, please use /FS
  mock_code_generator.cc
..\src\google\protobuf\compiler\mock_code_generator.cc : fatal error C1041: cannot open program database 'H:\Pro\protobuf-2.6.1\vsprojects\Release\vc140.pdb'; if multiple CL.EXE write to the same .PDB file, please use /FS
  parser_unittest.cc
..\src\google\protobuf\compiler\parser_unittest.cc : fatal error C1041: cannot open program database 'H:\Pro\protobuf-2.6.1\vsprojects\Release\vc140.pdb'; if multiple CL.EXE write to the same .PDB file, please use /FS
  python_plugin_unittest.cc
  descriptor_database_unittest.cc
  descriptor_unittest.cc
..\src\google\protobuf\descriptor_unittest.cc(40): fatal error C1083: Cannot open include file: 'google/protobuf/unittest.pb.h': No such file or directory
  dynamic_message_unittest.cc
H:\Pro\protobuf-2.6.1\src\google/protobuf/test_util.h(41): fatal error C1083: Cannot open include file: 'google/protobuf/unittest.pb.h': No such file or directory
  extension_set_unittest.cc
..\src\google\protobuf\extension_set_unittest.cc(36): fatal error C1083: Cannot open include file: 'google/protobuf/unittest.pb.h': No such file or directory
  generated_message_reflection_unittest.cc
H:\Pro\protobuf-2.6.1\src\google/protobuf/test_util.h(41): fatal error C1083: Cannot open include file: 'google/protobuf/unittest.pb.h': No such file or directory
  coded_stream_unittest.cc
  printer_unittest.cc
  tokenizer_unittest.cc
  zero_copy_stream_unittest.cc
  message_unittest.cc
..\src\google\protobuf\message_unittest.cc(52): fatal error C1083: Cannot open include file: 'google/protobuf/unittest.pb.h': No such file or directory
  Generating Code...
  Compiling...
  reflection_ops_unittest.cc
..\src\google\protobuf\reflection_ops_unittest.cc(37): fatal error C1083: Cannot open include file: 'google/protobuf/unittest.pb.h': No such file or directory
  repeated_field_reflection_unittest.cc
..\src\google\protobuf\repeated_field_reflection_unittest.cc(38): fatal error C1083: Cannot open include file: 'google/protobuf/unittest.pb.h': No such file or directory
  repeated_field_unittest.cc
..\src\google\protobuf\repeated_field_unittest.cc(46): fatal error C1083: Cannot open include file: 'google/protobuf/unittest.pb.h': No such file or directory
  common_unittest.cc
..\src\google\protobuf\stubs\common_unittest.cc(75): warning C4307: '+': integral constant overflow
..\src\google\protobuf\stubs\common_unittest.cc(76): warning C4307: '+': integral constant overflow
  once_unittest.cc
  stringprintf_unittest.cc
  structurally_valid_unittest.cc
  strutil_unittest.cc
  template_util_unittest.cc
  type_traits_unittest.cc
  file.cc
  googletest.cc
  test_util.cc
H:\Pro\protobuf-2.6.1\src\google/protobuf/test_util.h(41): fatal error C1083: Cannot open include file: 'google/protobuf/unittest.pb.h': No such file or directory
  text_format_unittest.cc
..\src\google\protobuf\text_format_unittest.cc(42): fatal error C1083: Cannot open include file: 'google/protobuf/unittest.pb.h': No such file or directory
  unknown_field_set_unittest.cc
..\src\google\protobuf\unknown_field_set_unittest.cc(43): fatal error C1083: Cannot open include file: 'google/protobuf/unittest.pb.h': No such file or directory
  wire_format_unittest.cc
..\src\google\protobuf\wire_format_unittest.cc(40): fatal error C1083: Cannot open include file: 'google/protobuf/unittest.pb.h': No such file or directory
  cpp_test_bad_identifiers.pb.cc
c1xx : fatal error C1083: Cannot open source file: 'google\protobuf\compiler\cpp\cpp_test_bad_identifiers.pb.cc': No such file or directory
  unittest.pb.cc
c1xx : fatal error C1083: Cannot open source file: 'google\protobuf\unittest.pb.cc': No such file or directory
  unittest_custom_options.pb.cc
c1xx : fatal error C1083: Cannot open source file: 'google\protobuf\unittest_custom_options.pb.cc': No such file or directory
  unittest_embed_optimize_for.pb.cc
c1xx : fatal error C1083: Cannot open source file: 'google\protobuf\unittest_embed_optimize_for.pb.cc': No such file or directory
  Generating Code...
  Compiling...
  unittest_import.pb.cc
c1xx : fatal error C1083: Cannot open source file: 'google\protobuf\unittest_import.pb.cc': No such file or directory
  unittest_import_public.pb.cc
c1xx : fatal error C1083: Cannot open source file: 'google\protobuf\unittest_import_public.pb.cc': No such file or directory
  unittest_lite_imports_nonlite.pb.cc
c1xx : fatal error C1083: Cannot open source file: 'google\protobuf\unittest_lite_imports_nonlite.pb.cc': No such file or directory
  unittest_mset.pb.cc
c1xx : fatal error C1083: Cannot open source file: 'google\protobuf\unittest_mset.pb.cc': No such file or directory
  unittest_no_generic_services.pb.cc
c1xx : fatal error C1083: Cannot open source file: 'google\protobuf\unittest_no_generic_services.pb.cc': No such file or directory
  unittest_optimize_for.pb.cc
c1xx : fatal error C1083: Cannot open source file: 'google\protobuf\unittest_optimize_for.pb.cc': No such file or directory
  Generating Code...
